app/build/intermediates/manifest_merge_blame_file/debug/processDebugMainManifest/manifest-merger-blame-debug-report.txt
1<?xml version="1.0" encoding="utf-8"?>
2<manifest xmlns:android="http://schemas.android.com/apk/res/android"
3    package="com.closetly.myapp"
4    android:versionCode="7"
5    android:versionName="1.2.1" >
6
7    <uses-sdk
8        android:minSdkVersion="26"
9        android:targetSdkVersion="36" />
10
11    <uses-permission android:name="android.permission.INTERNET" />
11-->src\main\AndroidManifest.xml:5:5-67
11-->src\main\AndroidManifest.xml:5:22-64
12    <uses-permission android:name="android.permission.ACCESS_NETWORK_STATE" />
12-->src\main\AndroidManifest.xml:6:5-79
12-->src\main\AndroidManifest.xml:6:22-76
13    <uses-permission android:name="android.permission.POST_NOTIFICATIONS" />
13-->src\main\AndroidManifest.xml:7:5-77
13-->src\main\AndroidManifest.xml:7:22-74
14    <uses-permission android:name="com.android.vending.BILLING" />
14-->[com.android.billingclient:billing:8.3.0] AndroidManifest.xml:10:5-67
14-->[com.android.billingclient:billing:8.3.0] AndroidManifest.xml:10:22-64
15
16    <queries>
16-->[com.android.billingclient:billing:8.3.0] AndroidManifest.xml:12:5-19:15
17        <intent>
17-->[com.android.billingclient:billing:8.3.0] AndroidManifest.xml:13:9-15:18
18            <action android:name="com.android.vending.billing.InAppBillingService.BIND" />
18-->[com.android.billingclient:billing:8.3.0] AndroidManifest.xml:14:13-91
18-->[com.android.billingclient:billing:8.3.0] AndroidManifest.xml:14:21-88
19        </intent>
20        <intent>
20-->[com.android.billingclient:billing:8.3.0] AndroidManifest.xml:16:9-18:18
21            <action android:name="com.google.android.apps.play.billingtestcompanion.BillingOverrideService.BIND" />
21-->[com.android.billingclient:billing:8.3.0] AndroidManifest.xml:17:13-116
21-->[com.android.billingclient:billing:8.3.0] AndroidManifest.xml:17:21-113
22        </intent>
23        <!-- For browser content -->
24        <intent>
24-->[com.google.android.gms:play-services-ads-lite:24.0.0] AndroidManifest.xml:38:9-44:18
25            <action android:name="android.intent.action.VIEW" />
25-->[com.google.firebase:firebase-auth:24.0.1] AndroidManifest.xml:36:17-69
25-->[com.google.firebase:firebase-auth:24.0.1] AndroidManifest.xml:36:25-66
26
27            <category android:name="android.intent.category.BROWSABLE" />
27-->[com.google.firebase:firebase-auth:24.0.1] AndroidManifest.xml:39:17-78
27-->[com.google.firebase:firebase-auth:24.0.1] AndroidManifest.xml:39:27-75
28
29            <data android:scheme="https" />
29-->[com.google.firebase:firebase-auth:24.0.1] AndroidManifest.xml:41:17-44:51
29-->[com.google.firebase:firebase-auth:24.0.1] AndroidManifest.xml:44:21-48
30        </intent> <!-- End of browser content -->
31        <!-- For CustomTabsService -->
32        <intent>
32-->[com.google.android.gms:play-services-ads-lite:24.0.0] AndroidManifest.xml:47:9-49:18
33            <action android:name="android.support.customtabs.action.CustomTabsService" />
33-->[com.google.android.gms:play-services-ads-lite:24.0.0] AndroidManifest.xml:48:13-90
33-->[com.google.android.gms:play-services-ads-lite:24.0.0] AndroidManifest.xml:48:21-87
34        </intent> <!-- End of CustomTabsService -->
35        <!-- For MRAID capabilities -->
36        <intent>
36-->[com.google.android.gms:play-services-ads-lite:24.0.0] AndroidManifest.xml:52:9-56:18
37            <action android:name="android.intent.action.INSERT" />
37-->[com.google.android.gms:play-services-ads-lite:24.0.0] AndroidManifest.xml:53:13-67
37-->[com.google.android.gms:play-services-ads-lite:24.0.0] AndroidManifest.xml:53:21-64
38
39            <data android:mimeType="vnd.android.cursor.dir/event" />
39-->[com.google.firebase:firebase-auth:24.0.1] AndroidManifest.xml:41:17-44:51
40        </intent>
41        <intent>
41-->[com.google.android.gms:play-services-ads-lite:24.0.0] AndroidManifest.xml:57:9-61:18
42            <action android:name="android.intent.action.VIEW" />
42-->[com.google.firebase:firebase-auth:24.0.1] AndroidManifest.xml:36:17-69
42-->[com.google.firebase:firebase-auth:24.0.1] AndroidManifest.xml:36:25-66
43
44            <data android:scheme="sms" />
44-->[com.google.firebase:firebase-auth:24.0.1] AndroidManifest.xml:41:17-44:51
44-->[com.google.firebase:firebase-auth:24.0.1] AndroidManifest.xml:44:21-48
45        </intent>
46        <intent>
46-->[com.google.android.gms:play-services-ads-lite:24.0.0] AndroidManifest.xml:62:9-66:18
47            <action android:name="android.intent.action.DIAL" />
47-->[com.google.android.gms:play-services-ads-lite:24.0.0] AndroidManifest.xml:63:13-65
47-->[com.google.android.gms:play-services-ads-lite:24.0.0] AndroidManifest.xml:63:21-62
48
49            <data android:path="tel:" />
49-->[com.google.firebase:firebase-auth:24.0.1] AndroidManifest.xml:41:17-44:51
49-->[com.google.firebase:firebase-auth:24.0.1] AndroidManifest.xml:43:21-37
50        </intent>
51    </queries>
52
53    <uses-permission android:name="android.permission.WAKE_LOCK" />
53-->[com.google.android.gms:play-services-measurement-api:23.0.0] AndroidManifest.xml:24:5-68
53-->[com.google.android.gms:play-services-measurement-api:23.0.0] AndroidManifest.xml:24:22-65
54    <uses-permission android:name="com.google.android.gms.permission.AD_ID" />
54-->[com.google.android.gms:play-services-measurement-api:23.0.0] AndroidManifest.xml:25:5-79
54-->[com.google.android.gms:play-services-measurement-api:23.0.0] AndroidManifest.xml:25:22-76
55    <uses-permission android:name="android.permission.ACCESS_ADSERVICES_ATTRIBUTION" />
55-->[com.google.android.gms:play-services-measurement-api:23.0.0] AndroidManifest.xml:26:5-88
55-->[com.google.android.gms:play-services-measurement-api:23.0.0] AndroidManifest.xml:26:22-85
56    <uses-permission android:name="android.permission.ACCESS_ADSERVICES_AD_ID" />
56-->[com.google.android.gms:play-services-measurement-api:23.0.0] AndroidManifest.xml:27:5-82
56-->[com.google.android.gms:play-services-measurement-api:23.0.0] AndroidManifest.xml:27:22-79
57    <uses-permission android:name="android.permission.ACCESS_ADSERVICES_TOPICS" />
57-->[com.google.android.gms:play-services-ads-lite:24.0.0] AndroidManifest.xml:29:5-83
57-->[com.google.android.gms:play-services-ads-lite:24.0.0] AndroidManifest.xml:29:22-80
58    <uses-permission android:name="com.google.android.finsky.permission.BIND_GET_INSTALL_REFERRER_SERVICE" />
58-->[com.google.android.gms:play-services-measurement:23.0.0] AndroidManifest.xml:26:5-110
58-->[com.google.android.gms:play-services-measurement:23.0.0] AndroidManifest.xml:26:22-107
59    <uses-permission android:name="com.google.android.providers.gsf.permission.READ_GSERVICES" />
59-->[com.google.android.recaptcha:recaptcha:18.6.1] AndroidManifest.xml:9:5-98
59-->[com.google.android.recaptcha:recaptcha:18.6.1] AndroidManifest.xml:9:22-95
60    <uses-permission android:name="android.permission.FOREGROUND_SERVICE" />
60-->[androidx.work:work-runtime:2.7.0] AndroidManifest.xml:28:5-77
60-->[androidx.work:work-runtime:2.7.0] AndroidManifest.xml:28:22-74
61
62    <permission
62-->[androidx.core:core:1.17.0] AndroidManifest.xml:22:5-24:47
63        android:name="com.closetly.myapp.DYNAMIC_RECEIVER_NOT_EXPORTED_PERMISSION"
63-->[androidx.core:core:1.17.0] AndroidManifest.xml:23:9-81
64        android:protectionLevel="signature" />
64-->[androidx.core:core:1.17.0] AndroidManifest.xml:24:9-44
65
66    <uses-permission android:name="com.closetly.myapp.DYNAMIC_RECEIVER_NOT_EXPORTED_PERMISSION" />
66-->[androidx.core:core:1.17.0] AndroidManifest.xml:26:5-97
66-->[androidx.core:core:1.17.0] AndroidManifest.xml:26:22-94
67
68    <application
68-->src\main\AndroidManifest.xml:9:5-49:19
69        android:allowBackup="true"
69-->src\main\AndroidManifest.xml:10:9-35
70        android:appComponentFactory="androidx.core.app.CoreComponentFactory"
70-->[androidx.core:core:1.17.0] AndroidManifest.xml:28:18-86
71        android:dataExtractionRules="@xml/data_extraction_rules"
71-->src\main\AndroidManifest.xml:11:9-65
72        android:debuggable="true"
73        android:extractNativeLibs="false"
74        android:fullBackupContent="@xml/backup_rules"
74-->src\main\AndroidManifest.xml:12:9-54
75        android:hardwareAccelerated="true"
75-->src\main\AndroidManifest.xml:16:9-43
76        android:icon="@mipmap/ic_closetly"
76-->src\main\AndroidManifest.xml:13:9-43
77        android:label="@string/app_name"
77-->src\main\AndroidManifest.xml:14:9-41
78        android:roundIcon="@mipmap/ic_closetly"
78-->src\main\AndroidManifest.xml:15:9-48
79        android:supportsRtl="true"
79-->src\main\AndroidManifest.xml:17:9-35
80        android:testOnly="true"
81        android:theme="@style/Theme.Closetly" >
81-->src\main\AndroidManifest.xml:18:9-46
82        <meta-data
82-->src\main\AndroidManifest.xml:21:9-23:70
83            android:name="com.google.android.gms.ads.APPLICATION_ID"
83-->src\main\AndroidManifest.xml:22:13-69
84            android:value="ca-app-pub-4262797000632373~9282928410" />
84-->src\main\AndroidManifest.xml:23:13-67
85        <meta-data
85-->src\main\AndroidManifest.xml:24:9-26:37
86            android:name="com.google.android.gms.ads.flag.NATIVE_AD_DEBUGGER_ENABLED"
86-->src\main\AndroidManifest.xml:25:13-86
87            android:value="false" />
87-->src\main\AndroidManifest.xml:26:13-34
88
89        <activity
89-->src\main\AndroidManifest.xml:28:9-37:20
90            android:name="com.closetly.myapp.MainActivity"
90-->src\main\AndroidManifest.xml:29:13-41
91            android:exported="true"
91-->src\main\AndroidManifest.xml:30:13-36
92            android:hardwareAccelerated="true" >
92-->src\main\AndroidManifest.xml:31:13-47
93            <intent-filter>
93-->src\main\AndroidManifest.xml:33:13-36:29
94                <action android:name="android.intent.action.MAIN" />
94-->src\main\AndroidManifest.xml:34:17-69
94-->src\main\AndroidManifest.xml:34:25-66
95
96                <category android:name="android.intent.category.LAUNCHER" />
96-->src\main\AndroidManifest.xml:35:17-77
96-->src\main\AndroidManifest.xml:35:27-74
97            </intent-filter>
98        </activity>
99
100        <provider
101            android:name="androidx.core.content.FileProvider"
101-->src\main\AndroidManifest.xml:40:13-62
102            android:authorities="com.closetly.myapp.provider"
102-->src\main\AndroidManifest.xml:41:13-60
103            android:exported="false"
103-->src\main\AndroidManifest.xml:42:13-37
104            android:grantUriPermissions="true" >
104-->src\main\AndroidManifest.xml:43:13-47
105            <meta-data
105-->src\main\AndroidManifest.xml:44:13-46:54
106                android:name="android.support.FILE_PROVIDER_PATHS"
106-->src\main\AndroidManifest.xml:45:17-67
107                android:resource="@xml/file_paths" />
107-->src\main\AndroidManifest.xml:46:17-51
108        </provider>
109
110        <activity
110-->[androidx.compose.ui:ui-tooling-android:1.7.4] AndroidManifest.xml:23:9-25:39
111            android:name="androidx.compose.ui.tooling.PreviewActivity"
111-->[androidx.compose.ui:ui-tooling-android:1.7.4] AndroidManifest.xml:24:13-71
112            android:exported="true" />
112-->[androidx.compose.ui:ui-tooling-android:1.7.4] AndroidManifest.xml:25:13-36
113
114        <meta-data
114-->[com.android.billingclient:billing:8.3.0] AndroidManifest.xml:22:9-24:37
115            android:name="com.google.android.play.billingclient.version"
115-->[com.android.billingclient:billing:8.3.0] AndroidManifest.xml:23:13-73
116            android:value="8.3.0" />
116-->[com.android.billingclient:billing:8.3.0] AndroidManifest.xml:24:13-34
117
118        <activity
118-->[com.android.billingclient:billing:8.3.0] AndroidManifest.xml:26:9-30:75
119            android:name="com.android.billingclient.api.ProxyBillingActivity"
119-->[com.android.billingclient:billing:8.3.0] AndroidManifest.xml:27:13-78
120            android:configChanges="keyboard|keyboardHidden|screenLayout|screenSize|orientation"
120-->[com.android.billingclient:billing:8.3.0] AndroidManifest.xml:28:13-96
121            android:exported="false"
121-->[com.android.billingclient:billing:8.3.0] AndroidManifest.xml:29:13-37
122            android:theme="@android:style/Theme.Translucent.NoTitleBar" />
122-->[com.android.billingclient:billing:8.3.0] AndroidManifest.xml:30:13-72
123        <activity
123-->[com.android.billingclient:billing:8.3.0] AndroidManifest.xml:31:9-35:75
124            android:name="com.android.billingclient.api.ProxyBillingActivityV2"
124-->[com.android.billingclient:billing:8.3.0] AndroidManifest.xml:32:13-80
125            android:configChanges="keyboard|keyboardHidden|screenLayout|screenSize|orientation"
125-->[com.android.billingclient:billing:8.3.0] AndroidManifest.xml:33:13-96
126            android:exported="false"
126-->[com.android.billingclient:billing:8.3.0] AndroidManifest.xml:34:13-37
127            android:theme="@android:style/Theme.Translucent.NoTitleBar" />
127-->[com.android.billingclient:billing:8.3.0] AndroidManifest.xml:35:13-72
128
129        <service
129-->[com.google.firebase:firebase-auth-ktx:23.1.0] AndroidManifest.xml:8:9-14:19
130            android:name="com.google.firebase.components.ComponentDiscoveryService"
130-->[com.google.firebase:firebase-auth-ktx:23.1.0] AndroidManifest.xml:9:13-84
131            android:directBootAware="true"
131-->[com.google.firebase:firebase-common:22.0.1] AndroidManifest.xml:32:13-43
132            android:exported="false" >
132-->[com.google.firebase:firebase-auth-ktx:23.1.0] AndroidManifest.xml:10:13-37
133            <meta-data
133-->[com.google.firebase:firebase-auth-ktx:23.1.0] AndroidManifest.xml:11:13-13:85
134                android:name="com.google.firebase.components:com.google.firebase.auth.ktx.FirebaseAuthLegacyRegistrar"
134-->[com.google.firebase:firebase-auth-ktx:23.1.0] AndroidManifest.xml:12:17-119
135                android:value="com.google.firebase.components.ComponentRegistrar" />
135-->[com.google.firebase:firebase-auth-ktx:23.1.0] AndroidManifest.xml:13:17-82
136            <meta-data
136-->[com.google.firebase:firebase-auth:24.0.1] AndroidManifest.xml:69:13-71:85
137                android:name="com.google.firebase.components:com.google.firebase.auth.FirebaseAuthRegistrar"
137-->[com.google.firebase:firebase-auth:24.0.1] AndroidManifest.xml:70:17-109
138                android:value="com.google.firebase.components.ComponentRegistrar" />
138-->[com.google.firebase:firebase-auth:24.0.1] AndroidManifest.xml:71:17-82
139            <meta-data
139-->[com.google.firebase:firebase-firestore-ktx:25.1.1] AndroidManifest.xml:12:13-14:85
140                android:name="com.google.firebase.components:com.google.firebase.firestore.ktx.FirebaseFirestoreLegacyRegistrar"
140-->[com.google.firebase:firebase-firestore-ktx:25.1.1] AndroidManifest.xml:13:17-129
141                android:value="com.google.firebase.components.ComponentRegistrar" />
141-->[com.google.firebase:firebase-firestore-ktx:25.1.1] AndroidManifest.xml:14:17-82
142            <meta-data
142-->[com.google.firebase:firebase-firestore:26.1.0] AndroidManifest.xml:17:13-19:85
143                android:name="com.google.firebase.components:com.google.firebase.firestore.FirebaseFirestoreKtxRegistrar"
143-->[com.google.firebase:firebase-firestore:26.1.0] AndroidManifest.xml:18:17-122
144                android:value="com.google.firebase.components.ComponentRegistrar" />
144-->[com.google.firebase:firebase-firestore:26.1.0] AndroidManifest.xml:19:17-82
145            <meta-data
145-->[com.google.firebase:firebase-firestore:26.1.0] AndroidManifest.xml:20:13-22:85
146                android:name="com.google.firebase.components:com.google.firebase.firestore.FirestoreRegistrar"
146-->[com.google.firebase:firebase-firestore:26.1.0] AndroidManifest.xml:21:17-111
147                android:value="com.google.firebase.components.ComponentRegistrar" />
147-->[com.google.firebase:firebase-firestore:26.1.0] AndroidManifest.xml:22:17-82
148            <meta-data
148-->[com.google.firebase:firebase-storage:22.0.1] AndroidManifest.xml:30:13-32:85
149                android:name="com.google.firebase.components:com.google.firebase.storage.FirebaseStorageKtxRegistrar"
149-->[com.google.firebase:firebase-storage:22.0.1] AndroidManifest.xml:31:17-118
150                android:value="com.google.firebase.components.ComponentRegistrar" />
150-->[com.google.firebase:firebase-storage:22.0.1] AndroidManifest.xml:32:17-82
151            <meta-data
151-->[com.google.firebase:firebase-storage:22.0.1] AndroidManifest.xml:33:13-35:85
152                android:name="com.google.firebase.components:com.google.firebase.storage.StorageRegistrar"
152-->[com.google.firebase:firebase-storage:22.0.1] AndroidManifest.xml:34:17-107
153                android:value="com.google.firebase.components.ComponentRegistrar" />
153-->[com.google.firebase:firebase-storage:22.0.1] AndroidManifest.xml:35:17-82
154            <meta-data
154-->[com.google.firebase:firebase-common-ktx:21.0.0] AndroidManifest.xml:12:13-14:85
155                android:name="com.google.firebase.components:com.google.firebase.ktx.FirebaseCommonLegacyRegistrar"
155-->[com.google.firebase:firebase-common-ktx:21.0.0] AndroidManifest.xml:13:17-116
156                android:value="com.google.firebase.components.ComponentRegistrar" />
156-->[com.google.firebase:firebase-common-ktx:21.0.0] AndroidManifest.xml:14:17-82
157            <meta-data
157-->[com.google.android.gms:play-services-measurement-api:23.0.0] AndroidManifest.xml:33:13-35:85
158                android:name="com.google.firebase.components:com.google.firebase.analytics.connector.internal.AnalyticsConnectorRegistrar"
158-->[com.google.android.gms:play-services-measurement-api:23.0.0] AndroidManifest.xml:34:17-139
159                android:value="com.google.firebase.components.ComponentRegistrar" />
159-->[com.google.android.gms:play-services-measurement-api:23.0.0] AndroidManifest.xml:35:17-82
160            <meta-data
160-->[com.google.firebase:firebase-installations:19.0.1] AndroidManifest.xml:15:13-17:85
161                android:name="com.google.firebase.components:com.google.firebase.installations.FirebaseInstallationsKtxRegistrar"
161-->[com.google.firebase:firebase-installations:19.0.1] AndroidManifest.xml:16:17-130
162                android:value="com.google.firebase.components.ComponentRegistrar" />
162-->[com.google.firebase:firebase-installations:19.0.1] AndroidManifest.xml:17:17-82
163            <meta-data
163-->[com.google.firebase:firebase-installations:19.0.1] AndroidManifest.xml:18:13-20:85
164                android:name="com.google.firebase.components:com.google.firebase.installations.FirebaseInstallationsRegistrar"
164-->[com.google.firebase:firebase-installations:19.0.1] AndroidManifest.xml:19:17-127
165                android:value="com.google.firebase.components.ComponentRegistrar" />
165-->[com.google.firebase:firebase-installations:19.0.1] AndroidManifest.xml:20:17-82
166            <meta-data
166-->[com.google.firebase:firebase-common:22.0.1] AndroidManifest.xml:35:13-37:85
167                android:name="com.google.firebase.components:com.google.firebase.FirebaseCommonKtxRegistrar"
167-->[com.google.firebase:firebase-common:22.0.1] AndroidManifest.xml:36:17-109
168                android:value="com.google.firebase.components.ComponentRegistrar" />
168-->[com.google.firebase:firebase-common:22.0.1] AndroidManifest.xml:37:17-82
169            <meta-data
169-->[com.google.firebase:firebase-appcheck:19.0.2] AndroidManifest.xml:25:13-27:85
170                android:name="com.google.firebase.components:com.google.firebase.appcheck.FirebaseAppCheckKtxRegistrar"
170-->[com.google.firebase:firebase-appcheck:19.0.2] AndroidManifest.xml:26:17-120
171                android:value="com.google.firebase.components.ComponentRegistrar" />
171-->[com.google.firebase:firebase-appcheck:19.0.2] AndroidManifest.xml:27:17-82
172            <meta-data
172-->[com.google.firebase:firebase-appcheck:19.0.2] AndroidManifest.xml:28:13-30:85
173                android:name="com.google.firebase.components:com.google.firebase.appcheck.FirebaseAppCheckRegistrar"
173-->[com.google.firebase:firebase-appcheck:19.0.2] AndroidManifest.xml:29:17-117
174                android:value="com.google.firebase.components.ComponentRegistrar" />
174-->[com.google.firebase:firebase-appcheck:19.0.2] AndroidManifest.xml:30:17-82
175        </service>
176
177        <activity
177-->[com.google.firebase:firebase-auth:24.0.1] AndroidManifest.xml:29:9-46:20
178            android:name="com.google.firebase.auth.internal.GenericIdpActivity"
178-->[com.google.firebase:firebase-auth:24.0.1] AndroidManifest.xml:30:13-80
179            android:excludeFromRecents="true"
179-->[com.google.firebase:firebase-auth:24.0.1] AndroidManifest.xml:31:13-46
180            android:exported="true"
180-->[com.google.firebase:firebase-auth:24.0.1] AndroidManifest.xml:32:13-36
181            android:launchMode="singleTask"
181-->[com.google.firebase:firebase-auth:24.0.1] AndroidManifest.xml:33:13-44
182            android:theme="@android:style/Theme.Translucent.NoTitleBar" >
182-->[com.google.firebase:firebase-auth:24.0.1] AndroidManifest.xml:34:13-72
183            <intent-filter>
183-->[com.google.firebase:firebase-auth:24.0.1] AndroidManifest.xml:35:13-45:29
184                <action android:name="android.intent.action.VIEW" />
184-->[com.google.firebase:firebase-auth:24.0.1] AndroidManifest.xml:36:17-69
184-->[com.google.firebase:firebase-auth:24.0.1] AndroidManifest.xml:36:25-66
185
186                <category android:name="android.intent.category.DEFAULT" />
186-->[com.google.firebase:firebase-auth:24.0.1] AndroidManifest.xml:38:17-76
186-->[com.google.firebase:firebase-auth:24.0.1] AndroidManifest.xml:38:27-73
187                <category android:name="android.intent.category.BROWSABLE" />
187-->[com.google.firebase:firebase-auth:24.0.1] AndroidManifest.xml:39:17-78
187-->[com.google.firebase:firebase-auth:24.0.1] AndroidManifest.xml:39:27-75
188
189                <data
189-->[com.google.firebase:firebase-auth:24.0.1] AndroidManifest.xml:41:17-44:51
190                    android:host="firebase.auth"
190-->[com.google.firebase:firebase-auth:24.0.1] AndroidManifest.xml:42:21-49
191                    android:path="/"
191-->[com.google.firebase:firebase-auth:24.0.1] AndroidManifest.xml:43:21-37
192                    android:scheme="genericidp" />
192-->[com.google.firebase:firebase-auth:24.0.1] AndroidManifest.xml:44:21-48
193            </intent-filter>
194        </activity>
195        <activity
195-->[com.google.firebase:firebase-auth:24.0.1] AndroidManifest.xml:47:9-64:20
196            android:name="com.google.firebase.auth.internal.RecaptchaActivity"
196-->[com.google.firebase:firebase-auth:24.0.1] AndroidManifest.xml:48:13-79
197            android:excludeFromRecents="true"
197-->[com.google.firebase:firebase-auth:24.0.1] AndroidManifest.xml:49:13-46
198            android:exported="true"
198-->[com.google.firebase:firebase-auth:24.0.1] AndroidManifest.xml:50:13-36
199            android:launchMode="singleTask"
199-->[com.google.firebase:firebase-auth:24.0.1] AndroidManifest.xml:51:13-44
200            android:theme="@android:style/Theme.Translucent.NoTitleBar" >
200-->[com.google.firebase:firebase-auth:24.0.1] AndroidManifest.xml:52:13-72
201            <intent-filter>
201-->[com.google.firebase:firebase-auth:24.0.1] AndroidManifest.xml:53:13-63:29
202                <action android:name="android.intent.action.VIEW" />
202-->[com.google.firebase:firebase-auth:24.0.1] AndroidManifest.xml:36:17-69
202-->[com.google.firebase:firebase-auth:24.0.1] AndroidManifest.xml:36:25-66
203
204                <category android:name="android.intent.category.DEFAULT" />
204-->[com.google.firebase:firebase-auth:24.0.1] AndroidManifest.xml:38:17-76
204-->[com.google.firebase:firebase-auth:24.0.1] AndroidManifest.xml:38:27-73
205                <category android:name="android.intent.category.BROWSABLE" />
205-->[com.google.firebase:firebase-auth:24.0.1] AndroidManifest.xml:39:17-78
205-->[com.google.firebase:firebase-auth:24.0.1] AndroidManifest.xml:39:27-75
206
207                <data
207-->[com.google.firebase:firebase-auth:24.0.1] AndroidManifest.xml:41:17-44:51
208                    android:host="firebase.auth"
208-->[com.google.firebase:firebase-auth:24.0.1] AndroidManifest.xml:42:21-49
209                    android:path="/"
209-->[com.google.firebase:firebase-auth:24.0.1] AndroidManifest.xml:43:21-37
210                    android:scheme="recaptcha" />
210-->[com.google.firebase:firebase-auth:24.0.1] AndroidManifest.xml:44:21-48
211            </intent-filter>
212        </activity>
213
214        <service
214-->[androidx.credentials:credentials-play-services-auth:1.3.0] AndroidManifest.xml:24:9-32:19
215            android:name="androidx.credentials.playservices.CredentialProviderMetadataHolder"
215-->[androidx.credentials:credentials-play-services-auth:1.3.0] AndroidManifest.xml:25:13-94
216            android:enabled="true"
216-->[androidx.credentials:credentials-play-services-auth:1.3.0] AndroidManifest.xml:26:13-35
217            android:exported="false" >
217-->[androidx.credentials:credentials-play-services-auth:1.3.0] AndroidManifest.xml:27:13-37
218            <meta-data
218-->[androidx.credentials:credentials-play-services-auth:1.3.0] AndroidManifest.xml:29:13-31:104
219                android:name="androidx.credentials.CREDENTIAL_PROVIDER_KEY"
219-->[androidx.credentials:credentials-play-services-auth:1.3.0] AndroidManifest.xml:30:17-76
220                android:value="androidx.credentials.playservices.CredentialProviderPlayServicesImpl" />
220-->[androidx.credentials:credentials-play-services-auth:1.3.0] AndroidManifest.xml:31:17-101
221        </service>
222
223        <activity
223-->[androidx.credentials:credentials-play-services-auth:1.3.0] AndroidManifest.xml:34:9-41:20
224            android:name="androidx.credentials.playservices.HiddenActivity"
224-->[androidx.credentials:credentials-play-services-auth:1.3.0] AndroidManifest.xml:35:13-76
225            android:configChanges="orientation|screenSize|screenLayout|keyboardHidden"
225-->[androidx.credentials:credentials-play-services-auth:1.3.0] AndroidManifest.xml:36:13-87
226            android:enabled="true"
226-->[androidx.credentials:credentials-play-services-auth:1.3.0] AndroidManifest.xml:37:13-35
227            android:exported="false"
227-->[androidx.credentials:credentials-play-services-auth:1.3.0] AndroidManifest.xml:38:13-37
228            android:fitsSystemWindows="true"
228-->[androidx.credentials:credentials-play-services-auth:1.3.0] AndroidManifest.xml:39:13-45
229            android:theme="@style/Theme.Hidden" >
229-->[androidx.credentials:credentials-play-services-auth:1.3.0] AndroidManifest.xml:40:13-48
230        </activity>
231        <activity
231-->[com.google.android.gms:play-services-auth:21.1.1] AndroidManifest.xml:23:9-27:75
232            android:name="com.google.android.gms.auth.api.signin.internal.SignInHubActivity"
232-->[com.google.android.gms:play-services-auth:21.1.1] AndroidManifest.xml:24:13-93
233            android:excludeFromRecents="true"
233-->[com.google.android.gms:play-services-auth:21.1.1] AndroidManifest.xml:25:13-46
234            android:exported="false"
234-->[com.google.android.gms:play-services-auth:21.1.1] AndroidManifest.xml:26:13-37
235            android:theme="@android:style/Theme.Translucent.NoTitleBar" />
235-->[com.google.android.gms:play-services-auth:21.1.1] AndroidManifest.xml:27:13-72
236        <!--
237            Service handling Google Sign-In user revocation. For apps that do not integrate with
238            Google Sign-In, this service will never be started.
239        -->
240        <service
240-->[com.google.android.gms:play-services-auth:21.1.1] AndroidManifest.xml:33:9-37:51
241            android:name="com.google.android.gms.auth.api.signin.RevocationBoundService"
241-->[com.google.android.gms:play-services-auth:21.1.1] AndroidManifest.xml:34:13-89
242            android:exported="true"
242-->[com.google.android.gms:play-services-auth:21.1.1] AndroidManifest.xml:35:13-36
243            android:permission="com.google.android.gms.auth.api.signin.permission.REVOCATION_NOTIFICATION"
243-->[com.google.android.gms:play-services-auth:21.1.1] AndroidManifest.xml:36:13-107
244            android:visibleToInstantApps="true" />
244-->[com.google.android.gms:play-services-auth:21.1.1] AndroidManifest.xml:37:13-48
245
246        <provider
246-->[com.google.firebase:firebase-common:22.0.1] AndroidManifest.xml:23:9-28:39
247            android:name="com.google.firebase.provider.FirebaseInitProvider"
247-->[com.google.firebase:firebase-common:22.0.1] AndroidManifest.xml:24:13-77
248            android:authorities="com.closetly.myapp.firebaseinitprovider"
248-->[com.google.firebase:firebase-common:22.0.1] AndroidManifest.xml:25:13-72
249            android:directBootAware="true"
249-->[com.google.firebase:firebase-common:22.0.1] AndroidManifest.xml:26:13-43
250            android:exported="false"
250-->[com.google.firebase:firebase-common:22.0.1] AndroidManifest.xml:27:13-37
251            android:initOrder="100" /> <!-- Include the AdActivity and InAppPurchaseActivity configChanges and themes. -->
251-->[com.google.firebase:firebase-common:22.0.1] AndroidManifest.xml:28:13-36
252        <activity
252-->[com.google.android.gms:play-services-ads-lite:24.0.0] AndroidManifest.xml:73:9-78:43
253            android:name="com.google.android.gms.ads.AdActivity"
253-->[com.google.android.gms:play-services-ads-lite:24.0.0] AndroidManifest.xml:74:13-65
254            android:configChanges="keyboard|keyboardHidden|orientation|screenLayout|uiMode|screenSize|smallestScreenSize"
254-->[com.google.android.gms:play-services-ads-lite:24.0.0] AndroidManifest.xml:75:13-122
255            android:exported="false"